.NET Framework i├ºin MSBuild s├╝r├╝m 17.14.14+a129329f1

  glad.vcxproj -> C:\Users\4RCHURA\Desktop\Archura_game_engine\build\lib\Release\glad.lib
  glfw.vcxproj -> C:\Users\4RCHURA\Desktop\Archura_game_engine\build\lib\Release\glfw3.lib
  imgui.vcxproj -> C:\Users\4RCHURA\Desktop\Archura_game_engine\build\lib\Release\imgui.lib
  Application.cpp
C:\Program Files (x86)\Windows Kits\10\Include\10.0.26100.0\shared\minwindef.h(130,9): warning C4005: 'APIENTRY': makro yeniden tan─▒mlama [C:\Users\4RCHURA\Desktop\Archura_game_engine\build\ArchuraEngine.vcxproj]
  ('../src/core/Application.cpp' kaynak dosyas─▒ derleniyor)
      C:\Users\4RCHURA\Desktop\Archura_game_engine\external\glfw\include\GLFW\glfw3.h(123,11):
      ├Ânceki 'APIENTRY' tan─▒m─▒na bak─▒n
  
C:\Users\4RCHURA\Desktop\Archura_game_engine\src\core\Application.cpp(111,34): error C2027: tan─▒ms─▒z 'Archura::Mesh' t├╝r├╝ kullan─▒ld─▒ [C:\Users\4RCHURA\Desktop\Archura_game_engine\build\ArchuraEngine.vcxproj]
      C:\Users\4RCHURA\Desktop\Archura_game_engine\src\ecs\Component.h(39,11):
      'Archura::Mesh' bildirimine bak─▒n
  
C:\Users\4RCHURA\Desktop\Archura_game_engine\src\core\Application.cpp(111,34): error C3861: 'CreatePlane': tan─▒mlay─▒c─▒ bulunamad─▒ [C:\Users\4RCHURA\Desktop\Archura_game_engine\build\ArchuraEngine.vcxproj]
C:\Users\4RCHURA\Desktop\Archura_game_engine\src\core\Application.cpp(122,38): error C2027: tan─▒ms─▒z 'Archura::Mesh' t├╝r├╝ kullan─▒ld─▒ [C:\Users\4RCHURA\Desktop\Archura_game_engine\build\ArchuraEngine.vcxproj]
      C:\Users\4RCHURA\Desktop\Archura_game_engine\src\ecs\Component.h(39,11):
      'Archura::Mesh' bildirimine bak─▒n
  
C:\Users\4RCHURA\Desktop\Archura_game_engine\src\core\Application.cpp(122,38): error C3861: 'CreateCube': tan─▒mlay─▒c─▒ bulunamad─▒ [C:\Users\4RCHURA\Desktop\Archura_game_engine\build\ArchuraEngine.vcxproj]
C:\Users\4RCHURA\Desktop\Archura_game_engine\src\core\Application.cpp(163,27): error C2660: 'Archura::FPSController::Update': i┼ƒlev 1 ba─ƒ─▒ms─▒z de─ƒi┼ƒken alm─▒yor [C:\Users\4RCHURA\Desktop\Archura_game_engine\build\ArchuraEngine.vcxproj]
      C:\Users\4RCHURA\Desktop\Archura_game_engine\src\game\FPSController.h(28,10):
      'Archura::FPSController::Update' bildirimine bak─▒n
      C:\Users\4RCHURA\Desktop\Archura_game_engine\src\core\Application.cpp(163,27):
      '(float)' ba─ƒ─▒ms─▒z de─ƒi┼ƒken listesi e┼ƒlenmeye ├ºal─▒┼ƒ─▒l─▒rken
  
C:\Users\4RCHURA\Desktop\Archura_game_engine\src\core\Application.cpp(168,35): error C2039: 'Update': bir 'Archura::NetworkManager' ├╝yesi de─ƒil [C:\Users\4RCHURA\Desktop\Archura_game_engine\build\ArchuraEngine.vcxproj]
      C:\Users\4RCHURA\Desktop\Archura_game_engine\src\network\NetworkManager.h(44,7):
      'Archura::NetworkManager' bildirimine bak─▒n
  
C:\Users\4RCHURA\Desktop\Archura_game_engine\src\core\Application.cpp(173,40): error C2065: 'config': bildirimi yap─▒lmam─▒┼ƒ tan─▒mlay─▒c─▒ [C:\Users\4RCHURA\Desktop\Archura_game_engine\build\ArchuraEngine.vcxproj]
C:\Users\4RCHURA\Desktop\Archura_game_engine\src\core\Application.cpp(173,68): error C2065: 'config': bildirimi yap─▒lmam─▒┼ƒ tan─▒mlay─▒c─▒ [C:\Users\4RCHURA\Desktop\Archura_game_engine\build\ArchuraEngine.vcxproj]
C:\Users\4RCHURA\Desktop\Archura_game_engine\src\core\Application.cpp(173,20): error C2660: 'Archura::Skybox::Draw': i┼ƒlev 1 ba─ƒ─▒ms─▒z de─ƒi┼ƒken alm─▒yor [C:\Users\4RCHURA\Desktop\Archura_game_engine\build\ArchuraEngine.vcxproj]
      C:\Users\4RCHURA\Desktop\Archura_game_engine\src\rendering\Skybox.h(15,10):
      'Archura::Skybox::Draw' bildirimine bak─▒n
      C:\Users\4RCHURA\Desktop\Archura_game_engine\src\core\Application.cpp(173,20):
      '(Archura::Camera)' ba─ƒ─▒ms─▒z de─ƒi┼ƒken listesi e┼ƒlenmeye ├ºal─▒┼ƒ─▒l─▒rken
  
  RenderSystem.cpp
C:\Users\4RCHURA\Desktop\Archura_game_engine\src\game\RenderSystem.cpp(131,9): error C2065: 'renderedCount': bildirimi yap─▒lmam─▒┼ƒ tan─▒mlay─▒c─▒ [C:\Users\4RCHURA\Desktop\Archura_game_engine\build\ArchuraEngine.vcxproj]
  Mesh.cpp
C:\Users\4RCHURA\Desktop\Archura_game_engine\src\rendering\Mesh.cpp(97,17): error C2039: 'SetBool': bir 'Archura::Shader' ├╝yesi de─ƒil [C:\Users\4RCHURA\Desktop\Archura_game_engine\build\ArchuraEngine.vcxproj]
      C:\Users\4RCHURA\Desktop\Archura_game_engine\src\rendering\Shader.h(14,7):
      'Archura::Shader' bildirimine bak─▒n
  
C:\Users\4RCHURA\Desktop\Archura_game_engine\src\rendering\Mesh.cpp(122,17): error C2039: 'SetBool': bir 'Archura::Shader' ├╝yesi de─ƒil [C:\Users\4RCHURA\Desktop\Archura_game_engine\build\ArchuraEngine.vcxproj]
      C:\Users\4RCHURA\Desktop\Archura_game_engine\src\rendering\Shader.h(14,7):
      'Archura::Shader' bildirimine bak─▒n
  
  ArchuraLauncher.vcxproj -> C:\Users\4RCHURA\Desktop\Archura_game_engine\build\bin\Release\ArchuraLauncher.exe
